<?xml version="1.0" encoding="UTF-8"?>
<!-- Generated by org.testng.reporters.JUnitReportReporter -->
<testsuite hostname="DESKTOP-VHOIMVT" failures="0" tests="1" name="Demo.Demo1" time="0.200" errors="0" timestamp="2023-04-13T11:00:30 IST" skipped="0">
  <testcase classname="Demo.Demo1" name="demo1" time="0.200"/>
  <system-out/>
</testsuite> <!-- Demo.Demo1 -->
