<?xml version="1.0" encoding="UTF-8"?>
<!-- Generated by org.testng.reporters.JUnitReportReporter -->
<testsuite hostname="DESKTOP-VHOIMVT" failures="0" tests="1" name="Demo.Sample" time="0.064" errors="0" timestamp="2023-04-12T11:34:21 IST" skipped="0">
  <testcase classname="Demo.Sample" name="sample1" time="0.064"/>
  <system-out/>
</testsuite> <!-- Demo.Sample -->
