<?xml version="1.0" encoding="UTF-8"?>
<!-- Generated by org.testng.reporters.JUnitReportReporter -->
<testsuite hostname="DESKTOP-VHOIMVT" failures="0" tests="1" name="Demo.Demo1" time="0.024" errors="0" timestamp="2023-04-12T11:52:27 IST" skipped="0">
  <testcase classname="Demo.Demo1" name="demo1" time="0.024"/>
  <system-out/>
</testsuite> <!-- Demo.Demo1 -->
